<?xml version="1.0" encoding="UTF-8"?>
<testsuite name="Test" tests="1" skipped="0" failures="0" errors="0" timestamp="2019-09-17T10:42:59" hostname="shuowang-System-Product-Name" time="527.259">
  <properties/>
  <testcase name="fileTest" classname="Test" time="527.259"/>
  <system-out><![CDATA[]]></system-out>
  <system-err><![CDATA[]]></system-err>
</testsuite>
